<?xml version="1.0" encoding="UTF-8"?>
<coverage generated="1733955341">
  <project timestamp="1733955341">
    <file name="C:\Users\ASUS\Desktop\proyecto-si784-2024-ii-u3-reportes_chambilla_llantay\src\Config\Database.php">
      <class name="Config\Database" namespace="global">
        <metrics complexity="12" methods="4" coveredmethods="2" conditionals="0" coveredconditionals="0" statements="36" coveredstatements="24" elements="40" coveredelements="26"/>
      </class>
      <line num="13" type="method" name="__construct" visibility="public" complexity="4" crap="11.28" count="5"/>
      <line num="14" type="stmt" count="5"/>
      <line num="15" type="stmt" count="5"/>
      <line num="16" type="stmt" count="5"/>
      <line num="19" type="stmt" count="0"/>
      <line num="21" type="stmt" count="0"/>
      <line num="22" type="stmt" count="0"/>
      <line num="23" type="stmt" count="0"/>
      <line num="24" type="stmt" count="0"/>
      <line num="25" type="stmt" count="0"/>
      <line num="26" type="stmt" count="0"/>
      <line num="27" type="stmt" count="0"/>
      <line num="28" type="stmt" count="0"/>
      <line num="32" type="stmt" count="0"/>
      <line num="35" type="method" name="setDefaultCredentials" visibility="private" complexity="5" crap="5" count="5"/>
      <line num="37" type="stmt" count="5"/>
      <line num="38" type="stmt" count="5"/>
      <line num="39" type="stmt" count="5"/>
      <line num="40" type="stmt" count="5"/>
      <line num="43" type="method" name="setCredentials" visibility="public" complexity="1" crap="1" count="2"/>
      <line num="45" type="stmt" count="2"/>
      <line num="46" type="stmt" count="2"/>
      <line num="47" type="stmt" count="2"/>
      <line num="48" type="stmt" count="2"/>
      <line num="51" type="method" name="connect" visibility="public" complexity="2" crap="2.01" count="1"/>
      <line num="53" type="stmt" count="1"/>
      <line num="54" type="stmt" count="1"/>
      <line num="55" type="stmt" count="1"/>
      <line num="56" type="stmt" count="1"/>
      <line num="57" type="stmt" count="1"/>
      <line num="58" type="stmt" count="1"/>
      <line num="59" type="stmt" count="0"/>
      <line num="60" type="stmt" count="0"/>
      <line num="61" type="stmt" count="1"/>
      <line num="62" type="stmt" count="1"/>
      <line num="63" type="stmt" count="1"/>
      <line num="64" type="stmt" count="1"/>
      <line num="65" type="stmt" count="1"/>
      <line num="66" type="stmt" count="1"/>
      <line num="67" type="stmt" count="1"/>
      <metrics loc="70" ncloc="70" classes="1" methods="4" coveredmethods="2" conditionals="0" coveredconditionals="0" statements="36" coveredstatements="24" elements="40" coveredelements="26"/>
    </file>
    <file name="C:\Users\ASUS\Desktop\proyecto-si784-2024-ii-u3-reportes_chambilla_llantay\src\Controllers\AdminController.php">
      <class name="Controllers\AdminController" namespace="global">
        <metrics complexity="63" methods="25" coveredmethods="13" conditionals="0" coveredconditionals="0" statements="229" coveredstatements="193" elements="254" coveredelements="206"/>
      </class>
      <line num="4" type="stmt" count="1"/>
      <line num="16" type="method" name="__construct" visibility="public" complexity="1" crap="1" count="35"/>
      <line num="17" type="stmt" count="35"/>
      <line num="20" type="method" name="getDashboardData" visibility="public" complexity="1" crap="1" count="1"/>
      <line num="21" type="stmt" count="1"/>
      <line num="24" type="stmt" count="1"/>
      <line num="25" type="stmt" count="1"/>
      <line num="26" type="stmt" count="1"/>
      <line num="27" type="stmt" count="1"/>
      <line num="28" type="stmt" count="1"/>
      <line num="29" type="stmt" count="1"/>
      <line num="30" type="stmt" count="1"/>
      <line num="31" type="stmt" count="1"/>
      <line num="33" type="stmt" count="1"/>
      <line num="36" type="method" name="getTotalPendings" visibility="public" complexity="3" crap="3" count="4"/>
      <line num="38" type="stmt" count="4"/>
      <line num="39" type="stmt" count="4"/>
      <line num="40" type="stmt" count="3"/>
      <line num="41" type="stmt" count="3"/>
      <line num="42" type="stmt" count="3"/>
      <line num="43" type="stmt" count="3"/>
      <line num="44" type="stmt" count="3"/>
      <line num="45" type="stmt" count="3"/>
      <line num="47" type="stmt" count="3"/>
      <line num="48" type="stmt" count="1"/>
      <line num="49" type="stmt" count="1"/>
      <line num="53" type="method" name="getTotalCompleted" visibility="private" complexity="2" crap="2" count="2"/>
      <line num="54" type="stmt" count="2"/>
      <line num="55" type="stmt" count="2"/>
      <line num="56" type="stmt" count="2"/>
      <line num="57" type="stmt" count="2"/>
      <line num="58" type="stmt" count="2"/>
      <line num="59" type="stmt" count="2"/>
      <line num="60" type="stmt" count="2"/>
      <line num="61" type="stmt" count="2"/>
      <line num="63" type="stmt" count="2"/>
      <line num="66" type="method" name="getOrdersCount" visibility="private" complexity="1" crap="1" count="2"/>
      <line num="67" type="stmt" count="2"/>
      <line num="68" type="stmt" count="2"/>
      <line num="69" type="stmt" count="2"/>
      <line num="70" type="stmt" count="2"/>
      <line num="73" type="method" name="getProductsCount" visibility="private" complexity="1" crap="1" count="2"/>
      <line num="74" type="stmt" count="2"/>
      <line num="75" type="stmt" count="2"/>
      <line num="76" type="stmt" count="2"/>
      <line num="77" type="stmt" count="2"/>
      <line num="80" type="method" name="getUsersCount" visibility="private" complexity="1" crap="1" count="2"/>
      <line num="81" type="stmt" count="2"/>
      <line num="82" type="stmt" count="2"/>
      <line num="83" type="stmt" count="2"/>
      <line num="84" type="stmt" count="2"/>
      <line num="87" type="method" name="getAdminsCount" visibility="private" complexity="1" crap="1" count="2"/>
      <line num="88" type="stmt" count="2"/>
      <line num="89" type="stmt" count="2"/>
      <line num="90" type="stmt" count="2"/>
      <line num="91" type="stmt" count="2"/>
      <line num="94" type="method" name="getTotalAccounts" visibility="private" complexity="1" crap="1" count="2"/>
      <line num="95" type="stmt" count="2"/>
      <line num="96" type="stmt" count="2"/>
      <line num="97" type="stmt" count="2"/>
      <line num="98" type="stmt" count="2"/>
      <line num="101" type="method" name="getMessagesCount" visibility="private" complexity="1" crap="1" count="2"/>
      <line num="102" type="stmt" count="2"/>
      <line num="103" type="stmt" count="2"/>
      <line num="104" type="stmt" count="2"/>
      <line num="105" type="stmt" count="2"/>
      <line num="108" type="method" name="handleDatabaseError" visibility="private" complexity="1" crap="1" count="2"/>
      <line num="109" type="stmt" count="2"/>
      <line num="110" type="stmt" count="2"/>
      <line num="113" type="method" name="addProduct" visibility="public" complexity="5" crap="5.33" count="2"/>
      <line num="115" type="stmt" count="2"/>
      <line num="116" type="stmt" count="2"/>
      <line num="117" type="stmt" count="2"/>
      <line num="118" type="stmt" count="2"/>
      <line num="121" type="stmt" count="2"/>
      <line num="122" type="stmt" count="2"/>
      <line num="124" type="stmt" count="2"/>
      <line num="125" type="stmt" count="1"/>
      <line num="128" type="stmt" count="1"/>
      <line num="129" type="stmt" count="0"/>
      <line num="132" type="stmt" count="1"/>
      <line num="133" type="stmt" count="1"/>
      <line num="134" type="stmt" count="1"/>
      <line num="135" type="stmt" count="1"/>
      <line num="137" type="stmt" count="0"/>
      <line num="138" type="stmt" count="0"/>
      <line num="139" type="stmt" count="0"/>
      <line num="143" type="method" name="deleteProduct" visibility="public" complexity="5" crap="5.31" count="2"/>
      <line num="146" type="stmt" count="2"/>
      <line num="147" type="stmt" count="2"/>
      <line num="148" type="stmt" count="2"/>
      <line num="150" type="stmt" count="2"/>
      <line num="151" type="stmt" count="2"/>
      <line num="152" type="stmt" count="2"/>
      <line num="153" type="stmt" count="0"/>
      <line num="157" type="stmt" count="2"/>
      <line num="158" type="stmt" count="2"/>
      <line num="159" type="stmt" count="1"/>
      <line num="162" type="stmt" count="1"/>
      <line num="163" type="stmt" count="0"/>
      <line num="164" type="stmt" count="0"/>
      <line num="168" type="method" name="validateImageName" visibility="private" complexity="1" crap="2" count="0"/>
      <line num="170" type="stmt" count="0"/>
      <line num="173" type="method" name="getSecureImagePath" visibility="private" complexity="6" crap="6.02" count="4"/>
      <line num="176" type="stmt" count="4"/>
      <line num="177" type="stmt" count="1"/>
      <line num="181" type="stmt" count="3"/>
      <line num="182" type="stmt" count="3"/>
      <line num="183" type="stmt" count="1"/>
      <line num="187" type="stmt" count="2"/>
      <line num="188" type="stmt" count="2"/>
      <line num="189" type="stmt" count="2"/>
      <line num="190" type="stmt" count="0"/>
      <line num="193" type="stmt" count="2"/>
      <line num="194" type="stmt" count="2"/>
      <line num="195" type="stmt" count="2"/>
      <line num="196" type="stmt" count="2"/>
      <line num="200" type="method" name="handleImageDelete" visibility="private" complexity="8" crap="10.81" count="3"/>
      <line num="203" type="stmt" count="3"/>
      <line num="204" type="stmt" count="1"/>
      <line num="208" type="stmt" count="2"/>
      <line num="209" type="stmt" count="2"/>
      <line num="210" type="stmt" count="2"/>
      <line num="212" type="stmt" count="2"/>
      <line num="213" type="stmt" count="1"/>
      <line num="217" type="stmt" count="1"/>
      <line num="218" type="stmt" count="1"/>
      <line num="221" type="stmt" count="1"/>
      <line num="222" type="stmt" count="1"/>
      <line num="226" type="stmt" count="0"/>
      <line num="227" type="stmt" count="0"/>
      <line num="230" type="stmt" count="0"/>
      <line num="231" type="stmt" count="0"/>
      <line num="232" type="stmt" count="0"/>
      <line num="233" type="stmt" count="0"/>
      <line num="237" type="method" name="updateProduct" visibility="public" complexity="6" crap="6.06" count="4"/>
      <line num="239" type="stmt" count="4"/>
      <line num="240" type="stmt" count="4"/>
      <line num="241" type="stmt" count="4"/>
      <line num="242" type="stmt" count="4"/>
      <line num="244" type="stmt" count="4"/>
      <line num="245" type="stmt" count="2"/>
      <line num="246" type="stmt" count="1"/>
      <line num="250" type="stmt" count="1"/>
      <line num="251" type="stmt" count="1"/>
      <line num="255" type="stmt" count="1"/>
      <line num="256" type="stmt" count="1"/>
      <line num="257" type="stmt" count="1"/>
      <line num="260" type="stmt" count="1"/>
      <line num="261" type="stmt" count="1"/>
      <line num="262" type="stmt" count="1"/>
      <line num="263" type="stmt" count="1"/>
      <line num="265" type="stmt" count="1"/>
      <line num="266" type="stmt" count="1"/>
      <line num="268" type="stmt" count="2"/>
      <line num="269" type="stmt" count="2"/>
      <line num="272" type="stmt" count="3"/>
      <line num="273" type="stmt" count="2"/>
      <line num="276" type="stmt" count="1"/>
      <line num="277" type="stmt" count="0"/>
      <line num="278" type="stmt" count="0"/>
      <line num="279" type="stmt" count="0"/>
      <line num="283" type="method" name="getAllProducts" visibility="public" complexity="2" crap="2" count="1"/>
      <line num="284" type="stmt" count="1"/>
      <line num="285" type="stmt" count="1"/>
      <line num="286" type="stmt" count="1"/>
      <line num="287" type="stmt" count="1"/>
      <line num="288" type="stmt" count="1"/>
      <line num="289" type="stmt" count="1"/>
      <line num="290" type="stmt" count="1"/>
      <line num="291" type="stmt" count="1"/>
      <line num="292" type="stmt" count="1"/>
      <line num="294" type="stmt" count="1"/>
      <line num="297" type="method" name="getAllOrders" visibility="public" complexity="2" crap="2" count="1"/>
      <line num="298" type="stmt" count="1"/>
      <line num="299" type="stmt" count="1"/>
      <line num="300" type="stmt" count="1"/>
      <line num="301" type="stmt" count="1"/>
      <line num="302" type="stmt" count="1"/>
      <line num="303" type="stmt" count="1"/>
      <line num="304" type="stmt" count="1"/>
      <line num="305" type="stmt" count="1"/>
      <line num="306" type="stmt" count="1"/>
      <line num="307" type="stmt" count="1"/>
      <line num="308" type="stmt" count="1"/>
      <line num="309" type="stmt" count="1"/>
      <line num="310" type="stmt" count="1"/>
      <line num="311" type="stmt" count="1"/>
      <line num="312" type="stmt" count="1"/>
      <line num="313" type="stmt" count="1"/>
      <line num="314" type="stmt" count="1"/>
      <line num="316" type="stmt" count="1"/>
      <line num="319" type="method" name="updateOrderStatus" visibility="public" complexity="2" crap="2.21" count="2"/>
      <line num="321" type="stmt" count="2"/>
      <line num="322" type="stmt" count="2"/>
      <line num="323" type="stmt" count="2"/>
      <line num="325" type="stmt" count="2"/>
      <line num="326" type="stmt" count="2"/>
      <line num="327" type="stmt" count="0"/>
      <line num="328" type="stmt" count="0"/>
      <line num="329" type="stmt" count="0"/>
      <line num="333" type="method" name="deleteOrder" visibility="public" complexity="2" crap="2.31" count="1"/>
      <line num="335" type="stmt" count="1"/>
      <line num="336" type="stmt" count="1"/>
      <line num="338" type="stmt" count="1"/>
      <line num="339" type="stmt" count="1"/>
      <line num="340" type="stmt" count="0"/>
      <line num="341" type="stmt" count="0"/>
      <line num="342" type="stmt" count="0"/>
      <line num="346" type="method" name="getAllUsers" visibility="public" complexity="3" crap="3.09" count="1"/>
      <line num="348" type="stmt" count="1"/>
      <line num="349" type="stmt" count="1"/>
      <line num="350" type="stmt" count="1"/>
      <line num="352" type="stmt" count="1"/>
      <line num="353" type="stmt" count="1"/>
      <line num="354" type="stmt" count="1"/>
      <line num="355" type="stmt" count="1"/>
      <line num="356" type="stmt" count="1"/>
      <line num="357" type="stmt" count="1"/>
      <line num="358" type="stmt" count="1"/>
      <line num="360" type="stmt" count="1"/>
      <line num="361" type="stmt" count="0"/>
      <line num="362" type="stmt" count="0"/>
      <line num="363" type="stmt" count="0"/>
      <line num="367" type="method" name="deleteUser" visibility="public" complexity="2" crap="2.31" count="1"/>
      <line num="369" type="stmt" count="1"/>
      <line num="370" type="stmt" count="1"/>
      <line num="372" type="stmt" count="1"/>
      <line num="373" type="stmt" count="1"/>
      <line num="374" type="stmt" count="0"/>
      <line num="375" type="stmt" count="0"/>
      <line num="376" type="stmt" count="0"/>
      <line num="380" type="method" name="getAllMessages" visibility="public" complexity="3" crap="3.07" count="1"/>
      <line num="382" type="stmt" count="1"/>
      <line num="383" type="stmt" count="1"/>
      <line num="384" type="stmt" count="1"/>
      <line num="385" type="stmt" count="1"/>
      <line num="386" type="stmt" count="1"/>
      <line num="387" type="stmt" count="1"/>
      <line num="388" type="stmt" count="1"/>
      <line num="389" type="stmt" count="1"/>
      <line num="390" type="stmt" count="1"/>
      <line num="391" type="stmt" count="1"/>
      <line num="392" type="stmt" count="1"/>
      <line num="394" type="stmt" count="1"/>
      <line num="395" type="stmt" count="0"/>
      <line num="396" type="stmt" count="0"/>
      <line num="397" type="stmt" count="0"/>
      <line num="401" type="method" name="deleteMessage" visibility="public" complexity="2" crap="2.50" count="1"/>
      <line num="403" type="stmt" count="1"/>
      <line num="404" type="stmt" count="1"/>
      <line num="405" type="stmt" count="1"/>
      <line num="406" type="stmt" count="0"/>
      <line num="407" type="stmt" count="0"/>
      <line num="408" type="stmt" count="0"/>
      <metrics loc="411" ncloc="396" classes="1" methods="25" coveredmethods="13" conditionals="0" coveredconditionals="0" statements="230" coveredstatements="194" elements="255" coveredelements="207"/>
    </file>
    <file name="C:\Users\ASUS\Desktop\proyecto-si784-2024-ii-u3-reportes_chambilla_llantay\src\Controllers\ContactController.php">
      <class name="Controllers\ContactController" namespace="global">
        <metrics complexity="12" methods="4" coveredmethods="4" conditionals="0" coveredconditionals="0" statements="25" coveredstatements="25" elements="29" coveredelements="29"/>
      </class>
      <line num="4" type="stmt" count="1"/>
      <line num="5" type="stmt" count="1"/>
      <line num="12" type="method" name="__construct" visibility="public" complexity="1" crap="1" count="12"/>
      <line num="13" type="stmt" count="12"/>
      <line num="17" type="method" name="createUser" visibility="protected" complexity="1" crap="1" count="1"/>
      <line num="19" type="stmt" count="1"/>
      <line num="22" type="method" name="createMessage" visibility="protected" complexity="1" crap="1" count="1"/>
      <line num="24" type="stmt" count="1"/>
      <line num="27" type="method" name="sendMessage" visibility="public" complexity="9" crap="9" count="9"/>
      <line num="30" type="stmt" count="9"/>
      <line num="31" type="stmt" count="9"/>
      <line num="32" type="stmt" count="1"/>
      <line num="36" type="stmt" count="8"/>
      <line num="37" type="stmt" count="8"/>
      <line num="38" type="stmt" count="8"/>
      <line num="39" type="stmt" count="1"/>
      <line num="42" type="stmt" count="6"/>
      <line num="43" type="stmt" count="6"/>
      <line num="44" type="stmt" count="6"/>
      <line num="45" type="stmt" count="6"/>
      <line num="46" type="stmt" count="6"/>
      <line num="47" type="stmt" count="6"/>
      <line num="49" type="stmt" count="6"/>
      <line num="50" type="stmt" count="1"/>
      <line num="53" type="stmt" count="5"/>
      <line num="54" type="stmt" count="3"/>
      <line num="58" type="stmt" count="1"/>
      <line num="59" type="stmt" count="1"/>
      <line num="60" type="stmt" count="2"/>
      <line num="61" type="stmt" count="2"/>
      <line num="62" type="stmt" count="2"/>
      <metrics loc="65" ncloc="60" classes="1" methods="4" coveredmethods="4" conditionals="0" coveredconditionals="0" statements="27" coveredstatements="27" elements="31" coveredelements="31"/>
    </file>
    <file name="C:\Users\ASUS\Desktop\proyecto-si784-2024-ii-u3-reportes_chambilla_llantay\src\Controllers\OrderController.php">
      <class name="Controllers\OrderController" namespace="global">
        <metrics complexity="31" methods="12" coveredmethods="7" conditionals="0" coveredconditionals="0" statements="159" coveredstatements="130" elements="171" coveredelements="137"/>
      </class>
      <line num="4" type="stmt" count="1"/>
      <line num="5" type="stmt" count="1"/>
      <line num="6" type="stmt" count="1"/>
      <line num="14" type="method" name="__construct" visibility="public" complexity="1" crap="1" count="20"/>
      <line num="15" type="stmt" count="20"/>
      <line num="18" type="method" name="getOrders" visibility="public" complexity="3" crap="7.77" count="1"/>
      <line num="20" type="stmt" count="1"/>
      <line num="21" type="stmt" count="0"/>
      <line num="22" type="stmt" count="0"/>
      <line num="23" type="stmt" count="0"/>
      <line num="24" type="stmt" count="0"/>
      <line num="25" type="stmt" count="0"/>
      <line num="26" type="stmt" count="0"/>
      <line num="27" type="stmt" count="0"/>
      <line num="28" type="stmt" count="0"/>
      <line num="29" type="stmt" count="0"/>
      <line num="30" type="stmt" count="0"/>
      <line num="31" type="stmt" count="0"/>
      <line num="32" type="stmt" count="0"/>
      <line num="33" type="stmt" count="0"/>
      <line num="34" type="stmt" count="0"/>
      <line num="35" type="stmt" count="0"/>
      <line num="36" type="stmt" count="0"/>
      <line num="38" type="stmt" count="0"/>
      <line num="39" type="stmt" count="1"/>
      <line num="40" type="stmt" count="1"/>
      <line num="41" type="stmt" count="1"/>
      <line num="45" type="method" name="updatePaymentStatus" visibility="public" complexity="2" crap="2.86" count="1"/>
      <line num="47" type="stmt" count="1"/>
      <line num="48" type="stmt" count="1"/>
      <line num="49" type="stmt" count="0"/>
      <line num="50" type="stmt" count="0"/>
      <line num="51" type="stmt" count="0"/>
      <line num="55" type="method" name="deleteOrder" visibility="public" complexity="2" crap="2.86" count="1"/>
      <line num="57" type="stmt" count="1"/>
      <line num="58" type="stmt" count="1"/>
      <line num="59" type="stmt" count="0"/>
      <line num="60" type="stmt" count="0"/>
      <line num="61" type="stmt" count="0"/>
      <line num="65" type="method" name="getAllOrders" visibility="public" complexity="3" crap="3.05" count="3"/>
      <line num="67" type="stmt" count="3"/>
      <line num="68" type="stmt" count="3"/>
      <line num="69" type="stmt" count="3"/>
      <line num="70" type="stmt" count="3"/>
      <line num="71" type="stmt" count="2"/>
      <line num="72" type="stmt" count="2"/>
      <line num="73" type="stmt" count="2"/>
      <line num="74" type="stmt" count="2"/>
      <line num="75" type="stmt" count="2"/>
      <line num="76" type="stmt" count="2"/>
      <line num="77" type="stmt" count="2"/>
      <line num="78" type="stmt" count="2"/>
      <line num="79" type="stmt" count="2"/>
      <line num="81" type="stmt" count="3"/>
      <line num="82" type="stmt" count="0"/>
      <line num="83" type="stmt" count="0"/>
      <line num="84" type="stmt" count="0"/>
      <line num="88" type="method" name="createOrder" visibility="public" complexity="8" crap="8" count="8"/>
      <line num="90" type="stmt" count="8"/>
      <line num="91" type="stmt" count="8"/>
      <line num="92" type="stmt" count="8"/>
      <line num="93" type="stmt" count="8"/>
      <line num="94" type="stmt" count="8"/>
      <line num="95" type="stmt" count="8"/>
      <line num="98" type="stmt" count="8"/>
      <line num="99" type="stmt" count="7"/>
      <line num="100" type="stmt" count="3"/>
      <line num="104" type="stmt" count="4"/>
      <line num="105" type="stmt" count="4"/>
      <line num="106" type="stmt" count="1"/>
      <line num="108" type="stmt" count="3"/>
      <line num="109" type="stmt" count="1"/>
      <line num="114" type="stmt" count="2"/>
      <line num="115" type="stmt" count="2"/>
      <line num="116" type="stmt" count="2"/>
      <line num="117" type="stmt" count="2"/>
      <line num="118" type="stmt" count="2"/>
      <line num="120" type="stmt" count="2"/>
      <line num="123" type="stmt" count="2"/>
      <line num="124" type="stmt" count="2"/>
      <line num="125" type="stmt" count="2"/>
      <line num="126" type="stmt" count="2"/>
      <line num="127" type="stmt" count="2"/>
      <line num="130" type="stmt" count="2"/>
      <line num="131" type="stmt" count="2"/>
      <line num="132" type="stmt" count="2"/>
      <line num="135" type="stmt" count="2"/>
      <line num="138" type="stmt" count="2"/>
      <line num="140" type="stmt" count="2"/>
      <line num="141" type="stmt" count="2"/>
      <line num="142" type="stmt" count="2"/>
      <line num="143" type="stmt" count="2"/>
      <line num="144" type="stmt" count="2"/>
      <line num="145" type="stmt" count="2"/>
      <line num="146" type="stmt" count="2"/>
      <line num="147" type="stmt" count="2"/>
      <line num="148" type="stmt" count="2"/>
      <line num="150" type="stmt" count="2"/>
      <line num="151" type="stmt" count="1"/>
      <line num="155" type="stmt" count="1"/>
      <line num="158" type="stmt" count="1"/>
      <line num="160" type="stmt" count="1"/>
      <line num="161" type="stmt" count="1"/>
      <line num="162" type="stmt" count="1"/>
      <line num="163" type="stmt" count="1"/>
      <line num="164" type="stmt" count="1"/>
      <line num="165" type="stmt" count="1"/>
      <line num="166" type="stmt" count="1"/>
      <line num="167" type="stmt" count="1"/>
      <line num="168" type="stmt" count="1"/>
      <line num="169" type="stmt" count="1"/>
      <line num="170" type="stmt" count="1"/>
      <line num="173" type="stmt" count="1"/>
      <line num="175" type="stmt" count="1"/>
      <line num="176" type="stmt" count="1"/>
      <line num="177" type="stmt" count="1"/>
      <line num="178" type="stmt" count="1"/>
      <line num="182" type="method" name="getCartItems" visibility="private" complexity="1" crap="1" count="8"/>
      <line num="183" type="stmt" count="8"/>
      <line num="184" type="stmt" count="7"/>
      <line num="185" type="stmt" count="7"/>
      <line num="188" type="method" name="clearCart" visibility="private" complexity="1" crap="1" count="1"/>
      <line num="189" type="stmt" count="1"/>
      <line num="190" type="stmt" count="1"/>
      <line num="193" type="method" name="getUserOrders" visibility="public" complexity="3" crap="3.03" count="2"/>
      <line num="195" type="stmt" count="2"/>
      <line num="196" type="stmt" count="2"/>
      <line num="197" type="stmt" count="2"/>
      <line num="198" type="stmt" count="2"/>
      <line num="199" type="stmt" count="1"/>
      <line num="200" type="stmt" count="1"/>
      <line num="201" type="stmt" count="1"/>
      <line num="202" type="stmt" count="1"/>
      <line num="203" type="stmt" count="1"/>
      <line num="204" type="stmt" count="1"/>
      <line num="205" type="stmt" count="1"/>
      <line num="206" type="stmt" count="1"/>
      <line num="207" type="stmt" count="1"/>
      <line num="208" type="stmt" count="1"/>
      <line num="209" type="stmt" count="1"/>
      <line num="210" type="stmt" count="1"/>
      <line num="212" type="stmt" count="2"/>
      <line num="213" type="stmt" count="0"/>
      <line num="214" type="stmt" count="0"/>
      <line num="215" type="stmt" count="0"/>
      <line num="219" type="method" name="getAllProducts" visibility="public" complexity="3" crap="3" count="2"/>
      <line num="221" type="stmt" count="2"/>
      <line num="222" type="stmt" count="1"/>
      <line num="223" type="stmt" count="1"/>
      <line num="224" type="stmt" count="1"/>
      <line num="225" type="stmt" count="1"/>
      <line num="226" type="stmt" count="1"/>
      <line num="227" type="stmt" count="1"/>
      <line num="228" type="stmt" count="1"/>
      <line num="230" type="stmt" count="1"/>
      <line num="231" type="stmt" count="1"/>
      <line num="232" type="stmt" count="1"/>
      <line num="233" type="stmt" count="1"/>
      <line num="237" type="method" name="getAllUsers" visibility="public" complexity="3" crap="3" count="2"/>
      <line num="239" type="stmt" count="2"/>
      <line num="240" type="stmt" count="1"/>
      <line num="241" type="stmt" count="1"/>
      <line num="242" type="stmt" count="1"/>
      <line num="243" type="stmt" count="1"/>
      <line num="244" type="stmt" count="1"/>
      <line num="245" type="stmt" count="1"/>
      <line num="246" type="stmt" count="1"/>
      <line num="247" type="stmt" count="1"/>
      <line num="249" type="stmt" count="1"/>
      <line num="250" type="stmt" count="1"/>
      <line num="251" type="stmt" count="1"/>
      <line num="252" type="stmt" count="1"/>
      <line num="256" type="method" name="handleDatabaseError" visibility="private" complexity="1" crap="1" count="3"/>
      <line num="257" type="stmt" count="3"/>
      <metrics loc="259" ncloc="251" classes="1" methods="12" coveredmethods="7" conditionals="0" coveredconditionals="0" statements="162" coveredstatements="133" elements="174" coveredelements="140"/>
    </file>
    <file name="C:\Users\ASUS\Desktop\proyecto-si784-2024-ii-u3-reportes_chambilla_llantay\src\Controllers\ProductController.php">
      <class name="Controllers\ProductController" namespace="global">
        <metrics complexity="18" methods="8" coveredmethods="8" conditionals="0" coveredconditionals="0" statements="84" coveredstatements="84" elements="92" coveredelements="92"/>
      </class>
      <line num="4" type="stmt" count="1"/>
      <line num="5" type="stmt" count="1"/>
      <line num="13" type="method" name="__construct" visibility="public" complexity="1" crap="1" count="16"/>
      <line num="14" type="stmt" count="16"/>
      <line num="17" type="method" name="getLatestProducts" visibility="public" complexity="3" crap="3" count="2"/>
      <line num="19" type="stmt" count="2"/>
      <line num="20" type="stmt" count="2"/>
      <line num="21" type="stmt" count="1"/>
      <line num="22" type="stmt" count="1"/>
      <line num="24" type="stmt" count="1"/>
      <line num="25" type="stmt" count="1"/>
      <line num="26" type="stmt" count="1"/>
      <line num="27" type="stmt" count="1"/>
      <line num="28" type="stmt" count="1"/>
      <line num="29" type="stmt" count="1"/>
      <line num="30" type="stmt" count="1"/>
      <line num="31" type="stmt" count="1"/>
      <line num="33" type="stmt" count="1"/>
      <line num="34" type="stmt" count="1"/>
      <line num="35" type="stmt" count="1"/>
      <line num="36" type="stmt" count="1"/>
      <line num="40" type="method" name="addToCart" visibility="public" complexity="3" crap="3" count="3"/>
      <line num="42" type="stmt" count="3"/>
      <line num="43" type="stmt" count="3"/>
      <line num="44" type="stmt" count="3"/>
      <line num="45" type="stmt" count="3"/>
      <line num="46" type="stmt" count="3"/>
      <line num="47" type="stmt" count="3"/>
      <line num="50" type="stmt" count="3"/>
      <line num="51" type="stmt" count="2"/>
      <line num="53" type="stmt" count="2"/>
      <line num="54" type="stmt" count="1"/>
      <line num="58" type="stmt" count="1"/>
      <line num="59" type="stmt" count="1"/>
      <line num="60" type="stmt" count="1"/>
      <line num="62" type="stmt" count="1"/>
      <line num="63" type="stmt" count="1"/>
      <line num="64" type="stmt" count="1"/>
      <line num="65" type="stmt" count="1"/>
      <line num="66" type="stmt" count="1"/>
      <line num="67" type="stmt" count="1"/>
      <line num="68" type="stmt" count="1"/>
      <line num="70" type="stmt" count="1"/>
      <line num="71" type="stmt" count="1"/>
      <line num="72" type="stmt" count="1"/>
      <line num="73" type="stmt" count="1"/>
      <line num="77" type="method" name="getAllProducts" visibility="public" complexity="3" crap="3" count="2"/>
      <line num="79" type="stmt" count="2"/>
      <line num="80" type="stmt" count="2"/>
      <line num="81" type="stmt" count="1"/>
      <line num="83" type="stmt" count="1"/>
      <line num="84" type="stmt" count="1"/>
      <line num="85" type="stmt" count="1"/>
      <line num="86" type="stmt" count="1"/>
      <line num="87" type="stmt" count="1"/>
      <line num="88" type="stmt" count="1"/>
      <line num="89" type="stmt" count="1"/>
      <line num="90" type="stmt" count="1"/>
      <line num="92" type="stmt" count="1"/>
      <line num="93" type="stmt" count="1"/>
      <line num="94" type="stmt" count="1"/>
      <line num="95" type="stmt" count="1"/>
      <line num="99" type="method" name="getCartItems" visibility="public" complexity="2" crap="2" count="3"/>
      <line num="101" type="stmt" count="3"/>
      <line num="102" type="stmt" count="3"/>
      <line num="103" type="stmt" count="2"/>
      <line num="104" type="stmt" count="2"/>
      <line num="105" type="stmt" count="1"/>
      <line num="106" type="stmt" count="1"/>
      <line num="107" type="stmt" count="1"/>
      <line num="111" type="method" name="updateCartQuantity" visibility="public" complexity="2" crap="2" count="2"/>
      <line num="113" type="stmt" count="2"/>
      <line num="114" type="stmt" count="2"/>
      <line num="115" type="stmt" count="2"/>
      <line num="116" type="stmt" count="1"/>
      <line num="117" type="stmt" count="1"/>
      <line num="118" type="stmt" count="1"/>
      <line num="119" type="stmt" count="1"/>
      <line num="123" type="method" name="deleteCartItem" visibility="public" complexity="2" crap="2" count="2"/>
      <line num="125" type="stmt" count="2"/>
      <line num="126" type="stmt" count="2"/>
      <line num="127" type="stmt" count="1"/>
      <line num="128" type="stmt" count="1"/>
      <line num="129" type="stmt" count="1"/>
      <line num="130" type="stmt" count="1"/>
      <line num="131" type="stmt" count="1"/>
      <line num="135" type="method" name="deleteAllCartItems" visibility="public" complexity="2" crap="2" count="2"/>
      <line num="137" type="stmt" count="2"/>
      <line num="138" type="stmt" count="2"/>
      <line num="139" type="stmt" count="1"/>
      <line num="140" type="stmt" count="1"/>
      <line num="141" type="stmt" count="1"/>
      <line num="142" type="stmt" count="1"/>
      <line num="143" type="stmt" count="1"/>
      <metrics loc="146" ncloc="144" classes="1" methods="8" coveredmethods="8" conditionals="0" coveredconditionals="0" statements="86" coveredstatements="86" elements="94" coveredelements="94"/>
    </file>
    <file name="C:\Users\ASUS\Desktop\proyecto-si784-2024-ii-u3-reportes_chambilla_llantay\src\Controllers\SearchController.php">
      <class name="Controllers\SearchController" namespace="global">
        <metrics complexity="3" methods="2" coveredmethods="2" conditionals="0" coveredconditionals="0" statements="8" coveredstatements="8" elements="10" coveredelements="10"/>
      </class>
      <line num="7" type="method" name="__construct" visibility="public" complexity="1" crap="1" count="5"/>
      <line num="8" type="stmt" count="5"/>
      <line num="11" type="method" name="searchProducts" visibility="public" complexity="2" crap="2" count="5"/>
      <line num="13" type="stmt" count="5"/>
      <line num="14" type="stmt" count="5"/>
      <line num="15" type="stmt" count="3"/>
      <line num="17" type="stmt" count="3"/>
      <line num="18" type="stmt" count="2"/>
      <line num="19" type="stmt" count="2"/>
      <line num="20" type="stmt" count="2"/>
      <metrics loc="23" ncloc="23" classes="1" methods="2" coveredmethods="2" conditionals="0" coveredconditionals="0" statements="8" coveredstatements="8" elements="10" coveredelements="10"/>
    </file>
    <file name="C:\Users\ASUS\Desktop\proyecto-si784-2024-ii-u3-reportes_chambilla_llantay\src\Controllers\UserController.php">
      <class name="Controllers\UserController" namespace="global">
        <metrics complexity="16" methods="8" coveredmethods="7" conditionals="0" coveredconditionals="0" statements="54" coveredstatements="45" elements="62" coveredelements="52"/>
      </class>
      <line num="10" type="method" name="__construct" visibility="public" complexity="1" crap="1" count="33"/>
      <line num="11" type="stmt" count="33"/>
      <line num="14" type="method" name="hashPassword" visibility="private" complexity="1" crap="1" count="9"/>
      <line num="15" type="stmt" count="9"/>
      <line num="18" type="method" name="verifyPassword" visibility="private" complexity="1" crap="1" count="8"/>
      <line num="19" type="stmt" count="8"/>
      <line num="22" type="method" name="registerUser" visibility="public" complexity="3" crap="3" count="12"/>
      <line num="24" type="stmt" count="12"/>
      <line num="25" type="stmt" count="12"/>
      <line num="26" type="stmt" count="12"/>
      <line num="27" type="stmt" count="12"/>
      <line num="30" type="stmt" count="12"/>
      <line num="31" type="stmt" count="12"/>
      <line num="32" type="stmt" count="10"/>
      <line num="33" type="stmt" count="2"/>
      <line num="37" type="stmt" count="8"/>
      <line num="38" type="stmt" count="8"/>
      <line num="39" type="stmt" count="8"/>
      <line num="40" type="stmt" count="8"/>
      <line num="42" type="stmt" count="8"/>
      <line num="43" type="stmt" count="8"/>
      <line num="44" type="stmt" count="8"/>
      <line num="45" type="stmt" count="8"/>
      <line num="46" type="stmt" count="8"/>
      <line num="47" type="stmt" count="8"/>
      <line num="49" type="stmt" count="8"/>
      <line num="50" type="stmt" count="2"/>
      <line num="51" type="stmt" count="2"/>
      <line num="52" type="stmt" count="2"/>
      <line num="56" type="method" name="loginUser" visibility="public" complexity="4" crap="4" count="12"/>
      <line num="58" type="stmt" count="12"/>
      <line num="59" type="stmt" count="12"/>
      <line num="60" type="stmt" count="9"/>
      <line num="62" type="stmt" count="9"/>
      <line num="63" type="stmt" count="4"/>
      <line num="64" type="stmt" count="4"/>
      <line num="65" type="stmt" count="4"/>
      <line num="66" type="stmt" count="4"/>
      <line num="67" type="stmt" count="2"/>
      <line num="70" type="stmt" count="5"/>
      <line num="71" type="stmt" count="5"/>
      <line num="72" type="stmt" count="5"/>
      <line num="73" type="stmt" count="5"/>
      <line num="77" type="method" name="logout" visibility="public" complexity="3" crap="12" count="0"/>
      <line num="80" type="stmt" count="0"/>
      <line num="81" type="stmt" count="0"/>
      <line num="85" type="stmt" count="0"/>
      <line num="88" type="stmt" count="0"/>
      <line num="91" type="stmt" count="0"/>
      <line num="92" type="stmt" count="0"/>
      <line num="93" type="stmt" count="0"/>
      <line num="94" type="stmt" count="0"/>
      <line num="95" type="stmt" count="0"/>
      <line num="99" type="method" name="getUserById" visibility="public" complexity="2" crap="2" count="6"/>
      <line num="101" type="stmt" count="6"/>
      <line num="102" type="stmt" count="6"/>
      <line num="103" type="stmt" count="3"/>
      <line num="104" type="stmt" count="3"/>
      <line num="105" type="stmt" count="3"/>
      <line num="106" type="stmt" count="3"/>
      <line num="111" type="method" name="register" visibility="public" complexity="1" crap="1" count="1"/>
      <line num="112" type="stmt" count="1"/>
      <metrics loc="114" ncloc="106" classes="1" methods="8" coveredmethods="7" conditionals="0" coveredconditionals="0" statements="54" coveredstatements="45" elements="62" coveredelements="52"/>
    </file>
    <file name="C:\Users\ASUS\Desktop\proyecto-si784-2024-ii-u3-reportes_chambilla_llantay\src\Exceptions\DatabaseException.php">
      <class name="Exceptions\DatabaseException" namespace="global">
        <metrics complexity="1" methods="1" coveredmethods="1" conditionals="0" coveredconditionals="0" statements="1" coveredstatements="1" elements="2" coveredelements="2"/>
      </class>
      <line num="5" type="method" name="__construct" visibility="public" complexity="1" crap="1" count="4"/>
      <line num="6" type="stmt" count="4"/>
      <metrics loc="8" ncloc="8" classes="1" methods="1" coveredmethods="1" conditionals="0" coveredconditionals="0" statements="1" coveredstatements="1" elements="2" coveredelements="2"/>
    </file>
    <file name="C:\Users\ASUS\Desktop\proyecto-si784-2024-ii-u3-reportes_chambilla_llantay\src\Models\Cart.php">
      <class name="Models\Cart" namespace="global">
        <metrics complexity="11" methods="11" coveredmethods="10" conditionals="0" coveredconditionals="0" statements="11" coveredstatements="10" elements="22" coveredelements="20"/>
      </class>
      <line num="13" type="method" name="getId" visibility="public" complexity="1" crap="2" count="0"/>
      <line num="14" type="method" name="getUserId" visibility="public" complexity="1" crap="1" count="1"/>
      <line num="15" type="method" name="getName" visibility="public" complexity="1" crap="1" count="2"/>
      <line num="16" type="method" name="getPrice" visibility="public" complexity="1" crap="1" count="1"/>
      <line num="17" type="method" name="getQuantity" visibility="public" complexity="1" crap="1" count="1"/>
      <line num="18" type="method" name="getImage" visibility="public" complexity="1" crap="1" count="1"/>
      <line num="21" type="method" name="setUserId" visibility="public" complexity="1" crap="1" count="3"/>
      <line num="22" type="method" name="setName" visibility="public" complexity="1" crap="1" count="3"/>
      <line num="23" type="method" name="setPrice" visibility="public" complexity="1" crap="1" count="3"/>
      <line num="24" type="method" name="setQuantity" visibility="public" complexity="1" crap="1" count="3"/>
      <line num="25" type="method" name="setImage" visibility="public" complexity="1" crap="1" count="3"/>
      <metrics loc="26" ncloc="24" classes="1" methods="11" coveredmethods="10" conditionals="0" coveredconditionals="0" statements="11" coveredstatements="10" elements="22" coveredelements="20"/>
    </file>
    <file name="C:\Users\ASUS\Desktop\proyecto-si784-2024-ii-u3-reportes_chambilla_llantay\src\Models\Message.php">
      <class name="Models\Message" namespace="global">
        <metrics complexity="14" methods="14" coveredmethods="13" conditionals="0" coveredconditionals="0" statements="25" coveredstatements="24" elements="39" coveredelements="37"/>
      </class>
      <line num="13" type="method" name="getId" visibility="public" complexity="1" crap="1" count="1"/>
      <line num="14" type="method" name="getUserId" visibility="public" complexity="1" crap="1" count="1"/>
      <line num="15" type="method" name="getName" visibility="public" complexity="1" crap="1" count="1"/>
      <line num="16" type="method" name="getEmail" visibility="public" complexity="1" crap="1" count="2"/>
      <line num="17" type="method" name="getNumber" visibility="public" complexity="1" crap="1" count="1"/>
      <line num="18" type="method" name="getMessage" visibility="public" complexity="1" crap="1" count="2"/>
      <line num="21" type="method" name="setUserId" visibility="public" complexity="1" crap="1" count="5"/>
      <line num="22" type="method" name="setName" visibility="public" complexity="1" crap="1" count="4"/>
      <line num="23" type="method" name="setEmail" visibility="public" complexity="1" crap="1" count="4"/>
      <line num="24" type="method" name="setNumber" visibility="public" complexity="1" crap="1" count="4"/>
      <line num="25" type="method" name="setMessage" visibility="public" complexity="1" crap="1" count="5"/>
      <line num="27" type="method" name="exists" visibility="public" complexity="1" crap="1.02" count="1"/>
      <line num="28" type="stmt" count="1"/>
      <line num="29" type="stmt" count="1"/>
      <line num="30" type="stmt" count="1"/>
      <line num="31" type="stmt" count="0"/>
      <line num="34" type="method" name="save" visibility="public" complexity="1" crap="1" count="2"/>
      <line num="35" type="stmt" count="2"/>
      <line num="36" type="stmt" count="2"/>
      <line num="37" type="stmt" count="2"/>
      <line num="38" type="stmt" count="2"/>
      <line num="39" type="stmt" count="2"/>
      <line num="40" type="stmt" count="2"/>
      <line num="41" type="stmt" count="2"/>
      <line num="42" type="stmt" count="2"/>
      <line num="43" type="stmt" count="2"/>
      <line num="46" type="method" name="setId" visibility="public" complexity="1" crap="1" count="2"/>
      <metrics loc="47" ncloc="45" classes="1" methods="14" coveredmethods="13" conditionals="0" coveredconditionals="0" statements="25" coveredstatements="24" elements="39" coveredelements="37"/>
    </file>
    <file name="C:\Users\ASUS\Desktop\proyecto-si784-2024-ii-u3-reportes_chambilla_llantay\src\Models\Order.php">
      <class name="Models\Order" namespace="global">
        <metrics complexity="22" methods="22" coveredmethods="21" conditionals="0" coveredconditionals="0" statements="23" coveredstatements="22" elements="45" coveredelements="43"/>
      </class>
      <line num="18" type="method" name="getId" visibility="public" complexity="1" crap="1" count="3"/>
      <line num="19" type="method" name="getUserId" visibility="public" complexity="1" crap="1" count="4"/>
      <line num="20" type="method" name="getName" visibility="public" complexity="1" crap="1" count="4"/>
      <line num="21" type="method" name="getNumber" visibility="public" complexity="1" crap="1" count="2"/>
      <line num="22" type="method" name="getEmail" visibility="public" complexity="1" crap="1" count="3"/>
      <line num="23" type="method" name="getMethod" visibility="public" complexity="1" crap="1" count="3"/>
      <line num="24" type="method" name="getAddress" visibility="public" complexity="1" crap="1" count="3"/>
      <line num="25" type="method" name="getTotalProducts" visibility="public" complexity="1" crap="1" count="3"/>
      <line num="26" type="method" name="getTotalPrice" visibility="public" complexity="1" crap="1" count="8"/>
      <line num="27" type="method" name="getPlacedOn" visibility="public" complexity="1" crap="2" count="0"/>
      <line num="28" type="method" name="getPaymentStatus" visibility="public" complexity="1" crap="1" count="2"/>
      <line num="31" type="method" name="setUserId" visibility="public" complexity="1" crap="1" count="12"/>
      <line num="32" type="method" name="setName" visibility="public" complexity="1" crap="1" count="12"/>
      <line num="33" type="method" name="setNumber" visibility="public" complexity="1" crap="1" count="10"/>
      <line num="34" type="method" name="setEmail" visibility="public" complexity="1" crap="1" count="12"/>
      <line num="35" type="method" name="setMethod" visibility="public" complexity="1" crap="1" count="12"/>
      <line num="36" type="method" name="setAddress" visibility="public" complexity="1" crap="1" count="6"/>
      <line num="37" type="method" name="setTotalProducts" visibility="public" complexity="1" crap="1" count="6"/>
      <line num="38" type="method" name="setTotalPrice" visibility="public" complexity="1" crap="1" count="10"/>
      <line num="39" type="method" name="setPaymentStatus" visibility="public" complexity="1" crap="1" count="4"/>
      <line num="40" type="method" name="setPlacedOn" visibility="public" complexity="1" crap="1" count="2"/>
      <line num="42" type="method" name="setId" visibility="public" complexity="1" crap="1" count="8"/>
      <line num="43" type="stmt" count="8"/>
      <line num="44" type="stmt" count="8"/>
      <metrics loc="46" ncloc="44" classes="1" methods="22" coveredmethods="21" conditionals="0" coveredconditionals="0" statements="23" coveredstatements="22" elements="45" coveredelements="43"/>
    </file>
    <file name="C:\Users\ASUS\Desktop\proyecto-si784-2024-ii-u3-reportes_chambilla_llantay\src\Models\Product.php">
      <class name="Models\Product" namespace="global">
        <metrics complexity="8" methods="8" coveredmethods="8" conditionals="0" coveredconditionals="0" statements="8" coveredstatements="8" elements="16" coveredelements="16"/>
      </class>
      <line num="11" type="method" name="getId" visibility="public" complexity="1" crap="1" count="3"/>
      <line num="12" type="method" name="getName" visibility="public" complexity="1" crap="1" count="9"/>
      <line num="13" type="method" name="getPrice" visibility="public" complexity="1" crap="1" count="5"/>
      <line num="14" type="method" name="getImage" visibility="public" complexity="1" crap="1" count="2"/>
      <line num="17" type="method" name="setName" visibility="public" complexity="1" crap="1" count="10"/>
      <line num="18" type="method" name="setPrice" visibility="public" complexity="1" crap="1" count="10"/>
      <line num="19" type="method" name="setImage" visibility="public" complexity="1" crap="1" count="7"/>
      <line num="21" type="method" name="setId" visibility="public" complexity="1" crap="1" count="7"/>
      <line num="22" type="stmt" count="7"/>
      <metrics loc="24" ncloc="22" classes="1" methods="8" coveredmethods="8" conditionals="0" coveredconditionals="0" statements="8" coveredstatements="8" elements="16" coveredelements="16"/>
    </file>
    <file name="C:\Users\ASUS\Desktop\proyecto-si784-2024-ii-u3-reportes_chambilla_llantay\src\Models\User.php">
      <class name="Models\User" namespace="global">
        <metrics complexity="11" methods="11" coveredmethods="11" conditionals="0" coveredconditionals="0" statements="14" coveredstatements="14" elements="25" coveredelements="25"/>
      </class>
      <line num="11" type="method" name="__construct" visibility="public" complexity="1" crap="1" count="21"/>
      <line num="12" type="stmt" count="21"/>
      <line num="16" type="method" name="getId" visibility="public" complexity="1" crap="1" count="4"/>
      <line num="17" type="method" name="getName" visibility="public" complexity="1" crap="1" count="10"/>
      <line num="18" type="method" name="getEmail" visibility="public" complexity="1" crap="1" count="13"/>
      <line num="19" type="method" name="getUserType" visibility="public" complexity="1" crap="1" count="9"/>
      <line num="22" type="method" name="setName" visibility="public" complexity="1" crap="1" count="14"/>
      <line num="23" type="method" name="setEmail" visibility="public" complexity="1" crap="1" count="14"/>
      <line num="24" type="method" name="setPassword" visibility="public" complexity="1" crap="1" count="1"/>
      <line num="25" type="stmt" count="1"/>
      <line num="27" type="method" name="setUserType" visibility="public" complexity="1" crap="1" count="14"/>
      <line num="28" type="method" name="setId" visibility="public" complexity="1" crap="1" count="5"/>
      <line num="29" type="stmt" count="5"/>
      <line num="30" type="stmt" count="5"/>
      <line num="33" type="method" name="exists" visibility="public" complexity="1" crap="1" count="2"/>
      <line num="34" type="stmt" count="2"/>
      <line num="35" type="stmt" count="2"/>
      <line num="36" type="stmt" count="2"/>
      <metrics loc="38" ncloc="36" classes="1" methods="11" coveredmethods="11" conditionals="0" coveredconditionals="0" statements="14" coveredstatements="14" elements="25" coveredelements="25"/>
    </file>
    <file name="C:\Users\ASUS\Desktop\proyecto-si784-2024-ii-u3-reportes_chambilla_llantay\src\autoload.php">
      <line num="2" type="stmt" count="1"/>
      <line num="4" type="stmt" count="1"/>
      <line num="5" type="stmt" count="1"/>
      <line num="7" type="stmt" count="1"/>
      <line num="8" type="stmt" count="0"/>
      <line num="9" type="stmt" count="0"/>
      <line num="11" type="stmt" count="1"/>
      <line num="12" type="stmt" count="1"/>
      <metrics loc="12" ncloc="11" classes="0" methods="0" coveredmethods="0" conditionals="0" coveredconditionals="0" statements="8" coveredstatements="6" elements="8" coveredelements="6"/>
    </file>
    <file name="C:\Users\ASUS\Desktop\proyecto-si784-2024-ii-u3-reportes_chambilla_llantay\src\index.php">
      <line num="3" type="stmt" count="0"/>
      <line num="4" type="stmt" count="0"/>
      <line num="6" type="stmt" count="0"/>
      <line num="7" type="stmt" count="0"/>
      <line num="8" type="stmt" count="0"/>
      <line num="10" type="stmt" count="0"/>
      <line num="14" type="stmt" count="0"/>
      <metrics loc="16" ncloc="13" classes="0" methods="0" coveredmethods="0" conditionals="0" coveredconditionals="0" statements="7" coveredstatements="0" elements="7" coveredelements="0"/>
    </file>
    <metrics files="15" loc="1305" ncloc="1253" classes="13" methods="130" coveredmethods="107" conditionals="0" coveredconditionals="0" statements="700" coveredstatements="602" elements="830" coveredelements="709"/>
  </project>
</coverage>
